4310.0	2M02455483+6543350	0.62536280841	0.646177063199	0.671414604588	0.739477165727	0.78419471266	0.837934718606	0.900681918015	0.973579877439	1.0555560394	1.14858318537	1.25761588583	1.39202761177	1.56335279579	1.80474349079	2.15512345557	2.71924308787	3.70664518842
4287.0	2M00013948+7336427	0.62536280841	0.646177063199	0.671414604588	0.739477165727	0.78419471266	0.837934718606	0.900681918015	0.973579877439	1.0555560394	1.14858318537	1.25761588583	1.39202761177	1.56335279579	1.80474349079	2.15512345557	2.71924308787	3.70664518842
1.0	2M00052013-0542275	0.62536280841	0.646177063199	0.671414604588	0.739477165727	0.78419471266	0.837934718606	0.900681918015	0.973579877439	1.0555560394	1.14858318537	1.25761588583	1.39202761177	1.56335279579	1.80474349079	2.15512345557	2.71924308787	3.70664518842
1.0	2M00073790+4008522	0.62536280841	0.646177063199	0.671414604588	0.739477165727	0.78419471266	0.837934718606	0.900681918015	0.973579877439	1.0555560394	1.14858318537	1.25761588583	1.39202761177	1.56335279579	1.80474349079	2.15512345557	2.71924308787	3.70664518842
4217.0	2M00322120+8518390	29.8517881692	30.7126234431	30.864939824	29.3397922198	28.5932306704	27.9393786064	27.279379047	26.2760600363	25.1822838745	24.3682995871	23.1336482466	22.0024540978	21.6368335546	21.4624854012	20.3556248498	19.3459538442	18.507393796
4217.0	2M00344509+8512058	18.2806841496	18.0638085126	17.7925319304	17.6062385057	17.1585539343	17.7436344556	17.2966218256	16.6753995346	16.5285861593	15.8400655777	15.0658307776	14.2976925588	13.4939335614	12.5078241556	11.5167968844	10.4842932501	9.26474962665
4217.0	2M00454489+8504180	21.7737130851	21.9146934486	21.5916635509	20.616434056	20.014383529	20.0855942891	20.2068769895	19.4341365659	18.6996840845	18.4864361535	17.7085006465	17.3823990925	16.4803061502	15.3176767895	14.0153971287	12.8405330254	12.2494901131
4217.0	2M00463920+8523336	32.4905314689	32.2829590574	31.8016671258	30.3643852802	29.4473494995	28.5428370227	27.6125694029	26.6455982546	25.7171052662	24.5556390662	23.3073002906	21.9902644719	20.833526778	19.3038561697	17.6490460554	15.8745231641	13.8356442126
1.0	2M00470143+1158256	32.4905314689	32.2829590574	31.8016671258	30.3643852802	29.4473494995	28.5428370227	27.6125694029	26.6455982546	25.7171052662	24.5556390662	23.3073002906	21.9902644719	20.833526778	19.3038561697	17.6490460554	15.8745231641	13.8356442126
4217.0	2M00512176+8512377	31.8832725821	31.7944298875	31.2486369332	31.1655014825	30.2100248342	29.194314558	28.1561421146	27.4785037054	27.2297251771	26.0083225894	24.7212678609	23.456587961	22.2010016662	20.7506555642	18.9797552007	17.0063810965	14.8198432742
4217.0	2M01013568+8522254	30.0531641428	30.5056916334	29.8638557474	30.5338867208	29.8159499416	29.4299460138	28.3896247926	27.4040963871	26.3601432622	25.1678142859	23.9297034057	22.8020232214	21.7529766338	20.3352227411	18.8404590814	16.983763536	14.7817514752
1.0	2M01081597+5455148	30.0531641428	30.5056916334	29.8638557474	30.5338867208	29.8159499416	29.4299460138	28.3896247926	27.4040963871	26.3601432622	25.1678142859	23.9297034057	22.8020232214	21.7529766338	20.3352227411	18.8404590814	16.983763536	14.7817514752
1.0	2M01225675+0725095	30.0531641428	30.5056916334	29.8638557474	30.5338867208	29.8159499416	29.4299460138	28.3896247926	27.4040963871	26.3601432622	25.1678142859	23.9297034057	22.8020232214	21.7529766338	20.3352227411	18.8404590814	16.983763536	14.7817514752
1.0	2M01572105+1749033	30.0531641428	30.5056916334	29.8638557474	30.5338867208	29.8159499416	29.4299460138	28.3896247926	27.4040963871	26.3601432622	25.1678142859	23.9297034057	22.8020232214	21.7529766338	20.3352227411	18.8404590814	16.983763536	14.7817514752
1.0	2M02034815-0020249	30.0531641428	30.5056916334	29.8638557474	30.5338867208	29.8159499416	29.4299460138	28.3896247926	27.4040963871	26.3601432622	25.1678142859	23.9297034057	22.8020232214	21.7529766338	20.3352227411	18.8404590814	16.983763536	14.7817514752
1.0	2M03183846+7216305	30.0531641428	30.5056916334	29.8638557474	30.5338867208	29.8159499416	29.4299460138	28.3896247926	27.4040963871	26.3601432622	25.1678142859	23.9297034057	22.8020232214	21.7529766338	20.3352227411	18.8404590814	16.983763536	14.7817514752
1.0	2M03263538+2842543	30.0531641428	30.5056916334	29.8638557474	30.5338867208	29.8159499416	29.4299460138	28.3896247926	27.4040963871	26.3601432622	25.1678142859	23.9297034057	22.8020232214	21.7529766338	20.3352227411	18.8404590814	16.983763536	14.7817514752
4259.0	2M03442050+2446222	24.6939974312	24.7015103588	24.0453540296	23.3993540326	22.9901194835	22.625074977	21.858172508	21.0200224313	20.1371004406	19.2030614107	18.2910903357	17.4773071689	16.363423293	15.2860638418	14.3494132558	12.9975324077	11.3415927534
4259.0	2M03450326+2350219	40.115691292	40.8868512085	40.5504596622	38.3363430217	38.2113138851	37.7977619122	36.5144953065	35.9071031375	34.7212040971	33.4315098532	31.776665806	30.1915636522	28.3412205152	26.2870975953	24.1539702861	21.7377730951	19.0212795359
4259.0	2M03454440+2413132	13.6811018956	13.3787840146	13.0373932624	12.4107288535	12.0945826658	11.6994848626	11.2787139291	10.8374115615	10.428348015	10.0054018376	9.5457548838	9.00548429072	8.44628986661	7.83031355218	7.1790250425	6.42525734942	5.82558860712
1.0	2M03470204+4125397	13.6811018956	13.3787840146	13.0373932624	12.4107288535	12.0945826658	11.6994848626	11.2787139291	10.8374115615	10.428348015	10.0054018376	9.5457548838	9.00548429072	8.44628986661	7.83031355218	7.1790250425	6.42525734942	5.82558860712
4259.0	2M03491172+2438117	28.2759391008	27.7012068027	27.2774389694	25.9518243076	25.1637546422	24.4130632385	24.8258629412	24.3000538652	24.030347807	24.023059248	24.2663672764	23.5599332323	23.206996445	22.0720107807	21.2901708528	19.5146197003	16.9848583199
4259.0	2M03512529+2509465	73.2414351636	80.1098355774	83.9762859574	83.9634796789	81.5429239156	78.9094248571	76.3286313457	74.0191119772	72.7724472693	73.8441090551	76.8937327454	80.3094374201	84.3772301141	90.122895669	87.0421802658	78.9905046135	69.1947217169
1.0	2M04145385+4824335	73.2414351636	80.1098355774	83.9762859574	83.9634796789	81.5429239156	78.9094248571	76.3286313457	74.0191119772	72.7724472693	73.8441090551	76.8937327454	80.3094374201	84.3772301141	90.122895669	87.0421802658	78.9905046135	69.1947217169
4557.0	2M05152973+4624214	16.4433080586	18.8375637274	21.4697677851	26.5064261559	28.3560426591	28.9623742744	28.3279255285	27.2500375743	26.2266367626	25.2910173379	24.7371048742	24.9560719391	26.7114331613	29.6804260977	34.8696094135	41.6758819114	51.4766248503
1.0	2M05221863-0839581	16.4433080586	18.8375637274	21.4697677851	26.5064261559	28.3560426591	28.9623742744	28.3279255285	27.2500375743	26.2266367626	25.2910173379	24.7371048742	24.9560719391	26.7114331613	29.6804260977	34.8696094135	41.6758819114	51.4766248503
4611.0	2M05343976-0524254	23.1048530303	23.4646522061	23.4992686468	23.2748023214	22.7159928017	21.9599537423	21.1714680513	20.9414984679	20.176095865	19.2509033331	18.2977857684	17.2884628804	16.6455812329	15.710391405	14.9278725477	13.8774338339	12.9944194837
4612.0	2M05343976-0524254	23.1048530303	23.4646522061	23.4992686468	23.2748023214	22.7159928017	21.9599537423	21.1714680513	20.9414984679	20.176095865	19.2509033331	18.2977857684	17.2884628804	16.6455812329	15.710391405	14.9278725477	13.8774338339	12.9944194837
4612.0	2M05365078-0459334	23.1048530303	23.4646522061	23.4992686468	23.2748023214	22.7159928017	21.9599537423	21.1714680513	20.9414984679	20.176095865	19.2509033331	18.2977857684	17.2884628804	16.6455812329	15.710391405	14.9278725477	13.8774338339	12.9944194837
4568.0	2M05565059+1621182	2.70226440192	2.73161554954	2.77098377789	2.89093061539	2.98132524314	3.09070774361	3.21911640008	3.3688189067	3.5576500413	3.79660733243	4.10145994405	4.52438845963	5.06344880167	5.80044493863	6.8149948399	8.46132603806	11.0265997472
1.0	2M05570461+4901470	2.70226440192	2.73161554954	2.77098377789	2.89093061539	2.98132524314	3.09070774361	3.21911640008	3.3688189067	3.5576500413	3.79660733243	4.10145994405	4.52438845963	5.06344880167	5.80044493863	6.8149948399	8.46132603806	11.0265997472
4273.0	2M06210077+1442173	1.9618918171	2.03526332855	2.11928948072	2.32221285746	2.44616089986	2.59290109463	2.76453006923	2.96606832982	3.20050845492	3.47779127872	3.80947941793	4.211444078	4.71680223582	5.3765627194	6.32449686917	7.68904891313	9.8411528205
1.0	2M06324687-1109590	1.9618918171	2.03526332855	2.11928948072	2.32221285746	2.44616089986	2.59290109463	2.76453006923	2.96606832982	3.20050845492	3.47779127872	3.80947941793	4.211444078	4.71680223582	5.3765627194	6.32449686917	7.68904891313	9.8411528205
1.0	2M06482229+0532296	1.9618918171	2.03526332855	2.11928948072	2.32221285746	2.44616089986	2.59290109463	2.76453006923	2.96606832982	3.20050845492	3.47779127872	3.80947941793	4.211444078	4.71680223582	5.3765627194	6.32449686917	7.68904891313	9.8411528205
4324.0	2M07012704-0307032	2.3010937317	2.32318174801	2.34376993124	2.37431666384	2.39144151083	2.41314520992	2.44317980924	2.48442259931	2.54625440038	2.63005169879	2.74743783508	2.90725966025	3.13766119545	3.45568768364	3.89274371298	4.60997636263	5.93818860396
4221.0	2M07100180+3831457	10.046392733	9.98999615445	9.78732722992	9.38929185227	9.10853555639	8.80523494915	8.51624456504	8.31874669518	8.08345264353	7.88669678718	7.49384646972	7.38600542097	6.99125005715	6.50125555145	5.94693291227	5.32633510481	4.61792878055
1.0	2M07294878+2754582	10.046392733	9.98999615445	9.78732722992	9.38929185227	9.10853555639	8.80523494915	8.51624456504	8.31874669518	8.08345264353	7.88669678718	7.49384646972	7.38600542097	6.99125005715	6.50125555145	5.94693291227	5.32633510481	4.61792878055
1.0	2M07363470+0551438	10.046392733	9.98999615445	9.78732722992	9.38929185227	9.10853555639	8.80523494915	8.51624456504	8.31874669518	8.08345264353	7.88669678718	7.49384646972	7.38600542097	6.99125005715	6.50125555145	5.94693291227	5.32633510481	4.61792878055
4584.0	2M07372136-1204047	31.1843464367	30.5688506745	29.8137003097	28.2097305095	27.3740335773	26.904427227	26.2149047832	25.4818585528	24.7884111569	23.6784852772	22.4968428418	21.5113361115	20.1709229767	18.6975364824	17.1054671364	15.3179631059	13.4147856805
4147.0	2M07384226+2131021	26.4610524331	25.9317781782	26.0969127865	25.4453187588	24.8994655785	24.4905121106	23.7582310434	23.1217354013	22.2829903031	22.0616252588	21.2835792328	20.3368705944	19.5892076856	18.3531955423	17.2267850205	15.5808945274	13.7555780996
1.0	2M08023079+6305252	26.4610524331	25.9317781782	26.0969127865	25.4453187588	24.8994655785	24.4905121106	23.7582310434	23.1217354013	22.2829903031	22.0616252588	21.2835792328	20.3368705944	19.5892076856	18.3531955423	17.2267850205	15.5808945274	13.7555780996
1.0	2M08033109+2747396	26.4610524331	25.9317781782	26.0969127865	25.4453187588	24.8994655785	24.4905121106	23.7582310434	23.1217354013	22.2829903031	22.0616252588	21.2835792328	20.3368705944	19.5892076856	18.3531955423	17.2267850205	15.5808945274	13.7555780996
1.0	2M08125201-0712166	26.4610524331	25.9317781782	26.0969127865	25.4453187588	24.8994655785	24.4905121106	23.7582310434	23.1217354013	22.2829903031	22.0616252588	21.2835792328	20.3368705944	19.5892076856	18.3531955423	17.2267850205	15.5808945274	13.7555780996
1.0	2M08191716+6230257	26.4610524331	25.9317781782	26.0969127865	25.4453187588	24.8994655785	24.4905121106	23.7582310434	23.1217354013	22.2829903031	22.0616252588	21.2835792328	20.3368705944	19.5892076856	18.3531955423	17.2267850205	15.5808945274	13.7555780996
4162.0	2M08511335+1151401	36.6912586351	36.7371697376	35.879059052	34.9197132879	35.8497569769	35.008387884	33.8890195413	32.6783736825	31.3218701887	30.050633437	28.5340443893	27.1540343311	25.4560153694	23.6443975124	21.9295770886	19.6714458332	17.0684662311
4162.0	2M08511670+1145293	33.6607570264	32.8951981912	32.2044517837	31.4277163346	30.7707957641	30.264423387	30.7180495934	29.900365084	30.0194673761	29.8769677155	29.6025365243	28.5686354942	27.5944850454	25.7113436104	23.5911611536	21.4240715314	18.6346149782
4162.0	2M08511799+1145541	20.9023661479	20.4461219995	20.0220954174	19.0442045706	19.012051703	19.1027481054	19.9328787624	19.4588018968	19.4444962255	19.0759053411	19.0252033262	18.3421014065	18.5751973243	19.8419999286	19.2351429474	17.6991663841	15.5424013631
4162.0	2M08512079+1153261	21.0335421107	20.5809465508	20.1848765914	19.4014258785	18.8675995431	18.7303312096	19.0629276032	18.9060627057	18.3580726372	18.2808058671	19.9376403228	21.1869879252	22.0921468435	23.1931692548	28.1511068726	26.9333357346	24.0835593459
4162.0	2M08512175+1152378	34.1497804473	34.0326341695	33.2917856366	31.8680724728	30.9672722286	30.050882537	29.1960589709	28.0652462754	27.0289219875	26.2645577923	25.6336527864	24.8902594392	24.3399799845	23.2871599052	21.7018873438	19.9458082751	17.4255809718
4162.0	2M08512377+1149493	36.8362017698	36.083412001	35.3124292696	33.4150244895	32.6207882466	31.6246548341	31.1070734202	29.9504884383	29.0327296447	27.9560117242	26.5544115617	25.0820881144	23.5467437057	22.0396899339	20.4798686865	18.5927904263	16.2059084208
4162.0	2M08512530+1202563	11.5808915419	11.296181902	11.009060052	10.6124335766	10.3378647591	10.0092505862	9.64865649352	9.28444187069	8.92541997257	8.52113183535	8.12596286199	7.79881125263	7.43825948726	7.05466666444	7.15178351246	7.1401987444	9.35141764527
4162.0	2M08512734+1207406	10.7765779993	11.8993806945	13.0204888595	17.3768260293	20.7741922361	25.5866522795	30.2373840074	31.3148448887	30.0318966588	28.6559112625	27.2345639685	25.791875809	24.4616475247	23.5853399464	23.5812024921	28.4001373714	33.6648536904
4162.0	2M08512990+1147168	30.3272407129	29.6356950176	28.9243007789	27.8804922885	27.1911561911	26.2814834531	25.5632432126	24.6676393068	23.6832014734	22.6509762358	21.5465179718	20.3868924753	19.2020638783	17.8754000279	16.3515644717	14.7311710854	12.8059757303
4162.0	2M08513784+1150570	1.32931535652	1.30821847084	1.27727018882	1.31126491029	1.31657891915	1.37850257347	1.40167695615	1.54059503794	1.93497949035	2.26307512744	2.97320712665	2.91321085804	3.36395219031	4.61257657737	4.44726001593	4.77013291986	4.63175335404
4162.0	2M08514194+1143371	17.844004577	17.4989154293	17.0713486664	16.738938169	16.6626519177	17.1035310636	16.8000125914	16.3098021149	15.7801176663	15.7104546984	15.3996071704	14.9002987904	14.6980691882	14.0015022382	13.5038649375	13.0179031054	11.7038182357
4162.0	2M08514355+1144264	33.8306154385	33.4647855688	33.157017869	31.6554628097	30.9211356678	29.9311013689	28.9209081249	27.8479656589	26.892151264	25.6720083598	24.4521416537	23.1760824375	21.8738371048	20.470099133	18.7225895773	16.8748367214	14.6701774983
4162.0	2M08514832+1151118	24.0635530763	23.6051208118	23.1395430916	25.1789889611	24.492001089	23.6727930923	23.3186517423	22.4306200125	21.7082480904	22.9133853755	23.5628207255	23.59188018	22.4622172851	21.3571106894	20.0141066782	18.3255155716	16.274972024
4162.0	2M08515020+1146069	35.0311154319	34.4963682221	33.6547216323	32.4639287423	31.6848676663	30.8127592329	30.0997615693	29.1925360187	28.0049560019	26.7959272769	25.7652803168	24.444049705	23.004207432	21.3740153601	19.5847384411	17.5364168049	15.2566783659
1.0	2M08563744+6436137	35.0311154319	34.4963682221	33.6547216323	32.4639287423	31.6848676663	30.8127592329	30.0997615693	29.1925360187	28.0049560019	26.7959272769	25.7652803168	24.444049705	23.004207432	21.3740153601	19.5847384411	17.5364168049	15.2566783659
1.0	2M09371267+0650086	35.0311154319	34.4963682221	33.6547216323	32.4639287423	31.6848676663	30.8127592329	30.0997615693	29.1925360187	28.0049560019	26.7959272769	25.7652803168	24.444049705	23.004207432	21.3740153601	19.5847384411	17.5364168049	15.2566783659
4211.0	2M09380671+5601073	12.0258207089	12.9957089998	14.7468117831	18.1899595135	20.8444847239	22.6546051799	22.4205342901	21.6179275182	20.7408163078	19.8127892605	19.0063695247	18.8752932273	18.5372523879	18.7465348018	20.309431342	22.5786036426	26.8762037245
1.0	2M10275302+3642259	12.0258207089	12.9957089998	14.7468117831	18.1899595135	20.8444847239	22.6546051799	22.4205342901	21.6179275182	20.7408163078	19.8127892605	19.0063695247	18.8752932273	18.5372523879	18.7465348018	20.309431342	22.5786036426	26.8762037245
4506.0	2M10331492+2936548	26.5864784705	26.9836743071	27.2285339566	27.0933729316	26.343182013	26.136114191	25.9803503506	26.2071178062	25.2547782029	24.2547057398	23.0691645164	22.2792267503	20.887581731	19.5213735212	18.1998195401	16.3270043873	14.176082593
4504.0	2M10452050+4533586	1.18690727606	1.19990155152	1.21442488263	1.24712655048	1.27273356754	1.30699433866	1.35466394215	1.39718345269	1.44127804612	1.51136844378	1.61563233381	1.72370434838	1.85127567225	2.03191680685	2.30149828227	2.61833114907	3.0896986012
1.0	2M11155189+1318272	1.18690727606	1.19990155152	1.21442488263	1.24712655048	1.27273356754	1.30699433866	1.35466394215	1.39718345269	1.44127804612	1.51136844378	1.61563233381	1.72370434838	1.85127567225	2.03191680685	2.30149828227	2.61833114907	3.0896986012
1.0	2M11224958+4328577	1.18690727606	1.19990155152	1.21442488263	1.24712655048	1.27273356754	1.30699433866	1.35466394215	1.39718345269	1.44127804612	1.51136844378	1.61563233381	1.72370434838	1.85127567225	2.03191680685	2.30149828227	2.61833114907	3.0896986012
4214.0	2M11433068-1502341	1.71392510934	1.74237864848	1.77472357936	1.85566459479	1.91047885522	1.97956927135	2.06597643647	2.1701550588	2.29598694084	2.45211552147	2.64365510178	2.88461674207	3.1966909715	3.6018700259	4.15420986986	4.94915757599	6.1918529395
1.0	2M12005238+0636518	1.71392510934	1.74237864848	1.77472357936	1.85566459479	1.91047885522	1.97956927135	2.06597643647	2.1701550588	2.29598694084	2.45211552147	2.64365510178	2.88461674207	3.1966909715	3.6018700259	4.15420986986	4.94915757599	6.1918529395
1.0	2M12013949+3602315	1.71392510934	1.74237864848	1.77472357936	1.85566459479	1.91047885522	1.97956927135	2.06597643647	2.1701550588	2.29598694084	2.45211552147	2.64365510178	2.88461674207	3.1966909715	3.6018700259	4.15420986986	4.94915757599	6.1918529395
1.0	2M12121191+7736584	1.71392510934	1.74237864848	1.77472357936	1.85566459479	1.91047885522	1.97956927135	2.06597643647	2.1701550588	2.29598694084	2.45211552147	2.64365510178	2.88461674207	3.1966909715	3.6018700259	4.15420986986	4.94915757599	6.1918529395
1.0	2M12221182+7314542	1.71392510934	1.74237864848	1.77472357936	1.85566459479	1.91047885522	1.97956927135	2.06597643647	2.1701550588	2.29598694084	2.45211552147	2.64365510178	2.88461674207	3.1966909715	3.6018700259	4.15420986986	4.94915757599	6.1918529395
4216.0	2M12240346+2551043	10.4075913681	10.4374198071	10.4934808381	10.2688773373	10.0440180495	9.72292615963	9.37363988904	9.04281420518	8.78748073915	8.48207876419	8.14434454998	7.87884106862	7.76453149255	7.80536539022	7.92718509425	8.45786873565	10.6376913311
4216.0	2M12281386+2502005	27.8619485713	27.2594037493	27.4177790584	25.9770153637	25.1931916474	24.4135308243	24.3164739911	23.4439655616	22.4863583731	21.8489344575	21.016495772	19.8943775469	19.0468885757	18.5710393472	18.609764748	17.1831503851	14.916702476
4216.0	2M12283815+2613370	27.8619485713	27.2594037493	27.4177790584	25.9770153637	25.1931916474	24.4135308243	24.3164739911	23.4439655616	22.4863583731	21.8489344575	21.016495772	19.8943775469	19.0468885757	18.5710393472	18.609764748	17.1831503851	14.916702476
4216.0	2M12284457+2553575	10.5614156494	11.0851018537	11.7968438668	13.5280268098	14.9921255452	17.0705088471	20.5598060387	25.220557023	28.4674984001	33.2252121839	43.8880088121	58.6507097812	59.5156122429	56.0204266472	53.8763105449	59.4323286776	57.6048377457
1.0	2M12531775+2114418	10.5614156494	11.0851018537	11.7968438668	13.5280268098	14.9921255452	17.0705088471	20.5598060387	25.220557023	28.4674984001	33.2252121839	43.8880088121	58.6507097812	59.5156122429	56.0204266472	53.8763105449	59.4323286776	57.6048377457
1.0	2M12533810-0413286	10.5614156494	11.0851018537	11.7968438668	13.5280268098	14.9921255452	17.0705088471	20.5598060387	25.220557023	28.4674984001	33.2252121839	43.8880088121	58.6507097812	59.5156122429	56.0204266472	53.8763105449	59.4323286776	57.6048377457
4514.0	2M13082991-0240443	13.3858892961	13.4648627628	13.6179767448	14.314272708	15.2388683848	16.7404956928	19.1539404463	20.7595391145	21.1980403924	22.0746061431	23.3234060833	22.8926996459	21.8189487429	20.537993936	19.0682442384	17.0687544601	15.1848595452
1.0	2M13121982+1731016	13.3858892961	13.4648627628	13.6179767448	14.314272708	15.2388683848	16.7404956928	19.1539404463	20.7595391145	21.1980403924	22.0746061431	23.3234060833	22.8926996459	21.8189487429	20.537993936	19.0682442384	17.0687544601	15.1848595452
4128.0	2M13121982+1731016	27.7821779466	28.2884458766	28.629211563	28.6661733473	27.9858223806	27.0456461779	27.760351552	28.1855775789	27.6979249447	27.1952260227	26.5694597557	25.3117759546	23.9771811297	22.2939129186	20.3610923851	18.2290555	15.818249475
4128.0	2M13121982+1731016	27.7821779466	28.2884458766	28.629211563	28.6661733473	27.9858223806	27.0456461779	27.760351552	28.1855775789	27.6979249447	27.1952260227	26.5694597557	25.3117759546	23.9771811297	22.2939129186	20.3610923851	18.2290555	15.818249475
1.0	2M13380093+2231385	27.7821779466	28.2884458766	28.629211563	28.6661733473	27.9858223806	27.0456461779	27.760351552	28.1855775789	27.6979249447	27.1952260227	26.5694597557	25.3117759546	23.9771811297	22.2939129186	20.3610923851	18.2290555	15.818249475
4447.0	2M13475259-0035407	5.96591779182	5.95546037787	5.98656022665	6.10179995201	6.15000559527	6.26804660094	6.45810866643	6.62000981072	6.73405661043	6.97006234791	7.43301123643	7.79340394307	8.36235649731	9.11189304091	11.6555103524	14.0202444787	15.030171478
1.0	2M13544106+1823514	5.96591779182	5.95546037787	5.98656022665	6.10179995201	6.15000559527	6.26804660094	6.45810866643	6.62000981072	6.73405661043	6.97006234791	7.43301123643	7.79340394307	8.36235649731	9.11189304091	11.6555103524	14.0202444787	15.030171478
4499.0	2M14164478+5315488	17.7810883857	19.5603209219	20.6371238075	23.3623419846	25.7689995927	27.3288053245	28.7450000869	29.1785651206	28.6335660308	28.3617994112	26.9741447402	25.496367104	23.9239744159	22.6721380183	21.0488571565	19.9064845679	17.628053511
4517.0	2M14193774+0553466	5.41831245442	5.98517937963	6.77724628957	8.88530630522	10.1664728191	11.2908650998	12.2077359941	12.4244618862	12.0886288836	11.5862659305	11.4584280998	11.6305980394	11.9672060668	12.387019392	12.7832706797	14.6332086013	20.1577723663
4436.0	2M14350376+0906494	9.68877815647	9.50424792855	9.41302294769	8.95919799655	8.67626543554	8.45434024829	8.21379238024	7.92032666157	7.59271526066	7.25896721695	6.88988500531	6.50366233404	6.11775994529	5.72616216793	5.57572681281	5.74170383793	6.79884046493
4493.0	2M14480341+1356411	10.7898766338	10.5421957243	10.7104367395	10.2540493314	9.99523594521	9.71292260103	9.54432995886	9.18016086586	8.81217406483	8.7161980358	8.29298207185	7.83426375976	7.34135450338	6.83105398143	6.26862675994	5.97750565446	6.49474933496
1.0	2M14515581+0849312	10.7898766338	10.5421957243	10.7104367395	10.2540493314	9.99523594521	9.71292260103	9.54432995886	9.18016086586	8.81217406483	8.7161980358	8.29298207185	7.83426375976	7.34135450338	6.83105398143	6.26862675994	5.97750565446	6.49474933496
4498.0	2M14542451+4517557	9.97191591044	9.72640720925	9.48396508191	8.95206769769	8.67065726293	8.40726182665	8.11878727571	7.80388866379	7.47876131676	7.18871755352	6.83675884767	6.44648208422	6.07718767553	5.67888885652	5.19134349213	4.67148502542	4.7800515466
1.0	2M15074648+0852472	9.97191591044	9.72640720925	9.48396508191	8.95206769769	8.67065726293	8.40726182665	8.11878727571	7.80388866379	7.47876131676	7.18871755352	6.83675884767	6.44648208422	6.07718767553	5.67888885652	5.19134349213	4.67148502542	4.7800515466
1.0	2M15232606-0636377	9.97191591044	9.72640720925	9.48396508191	8.95206769769	8.67065726293	8.40726182665	8.11878727571	7.80388866379	7.47876131676	7.18871755352	6.83675884767	6.44648208422	6.07718767553	5.67888885652	5.19134349213	4.67148502542	4.7800515466
4232.0	2M15261954+3658534	2.31906158669	2.26533479544	2.20750079677	2.08826248701	2.02591828004	1.962708367	1.89472640715	1.82166158588	1.74499417865	1.66955713452	1.5917424022	1.50538337865	1.41870101819	1.38777890791	1.56733303516	2.07324554131	3.02413367833
1.0	2M16014101+6648101	2.31906158669	2.26533479544	2.20750079677	2.08826248701	2.02591828004	1.962708367	1.89472640715	1.82166158588	1.74499417865	1.66955713452	1.5917424022	1.50538337865	1.41870101819	1.38777890791	1.56733303516	2.07324554131	3.02413367833
1.0	2M16031935+3637545	2.31906158669	2.26533479544	2.20750079677	2.08826248701	2.02591828004	1.962708367	1.89472640715	1.82166158588	1.74499417865	1.66955713452	1.5917424022	1.50538337865	1.41870101819	1.38777890791	1.56733303516	2.07324554131	3.02413367833
1.0	2M16095052-0328000	2.31906158669	2.26533479544	2.20750079677	2.08826248701	2.02591828004	1.962708367	1.89472640715	1.82166158588	1.74499417865	1.66955713452	1.5917424022	1.50538337865	1.41870101819	1.38777890791	1.56733303516	2.07324554131	3.02413367833
4208.0	2M16112725+2349118	44.0940719959	43.108200694	42.4903500383	41.4119326134	40.4974212469	39.3270862781	39.6930320573	39.9575895673	39.1126605238	37.4789428032	35.6444343868	34.4035801751	32.4640293292	30.0782954609	27.5668492686	25.0107623531	22.2793941586
4204.0	2M16493124+4706288	7.96910399544	8.56980053835	9.24684277489	11.1827683129	12.5384809074	14.3014619737	16.4669842758	19.4580193978	23.2161352088	26.5262294773	29.5267354316	32.8398267972	34.6963701664	34.6650829583	33.370319171	32.8198295346	34.8249822139
4204.0	2M16560455+4722147	47.3046896766	46.6753828004	45.9440950452	44.9610407428	43.8665304043	42.4399663424	43.0514745196	41.796966363	40.6107224952	38.9663353025	38.2959489385	36.3004012884	34.7583247248	32.3093466378	29.6768938829	27.3177100973	23.9552984375
4528.0	2M16571775+8650406	28.0243712367	28.443373889	28.8144609159	27.3527879038	26.5385044423	25.8671921125	26.2603072365	25.6538211354	25.2385201165	25.5570295573	26.1463568859	26.2345671673	27.1654631191	27.0644082544	25.8395163011	23.3011648327	20.2448459644
4454.0	2M17115469+5758032	11.6118182895	11.3610471654	11.3020699225	11.3861551157	11.5638218271	12.257739825	13.2257805414	13.5552054331	13.4099047348	13.7946499082	14.8593439817	15.2740249426	16.8759518275	16.9083804522	17.6263664307	17.9808556654	18.2556217157
4202.0	2M17183642+4153170	0.886710009804	0.919670990383	0.957308140771	1.05205903422	1.11102459013	1.17579756537	1.24990097025	1.33543720882	1.43792213628	1.56797403469	1.72685719253	1.92426700604	2.17414591255	2.49788953108	2.95723016227	3.65117556418	4.77147574389
4202.0	2M17183642+4153170	0.886710009804	0.919670990383	0.957308140771	1.05205903422	1.11102459013	1.17579756537	1.24990097025	1.33543720882	1.43792213628	1.56797403469	1.72685719253	1.92426700604	2.17414591255	2.49788953108	2.95723016227	3.65117556418	4.77147574389
1.0	2M17205410+7300497	0.886710009804	0.919670990383	0.957308140771	1.05205903422	1.11102459013	1.17579756537	1.24990097025	1.33543720882	1.43792213628	1.56797403469	1.72685719253	1.92426700604	2.17414591255	2.49788953108	2.95723016227	3.65117556418	4.77147574389
1.0	2M17213124+2845290	0.886710009804	0.919670990383	0.957308140771	1.05205903422	1.11102459013	1.17579756537	1.24990097025	1.33543720882	1.43792213628	1.56797403469	1.72685719253	1.92426700604	2.17414591255	2.49788953108	2.95723016227	3.65117556418	4.77147574389
4525.0	2M17500331+4823391	25.5896938464	25.0729744528	24.690263304	24.7818453286	25.3849848605	26.6095053638	27.6668339041	28.2679931779	29.4343802449	30.8918581353	31.7664178149	31.4015187294	30.4892224895	29.2878153457	27.0508107818	24.518912265	23.5994155276
4366.0	2M18051056-2423547	2.10249888916	2.08714813523	2.0845136202	2.12983752392	2.18511505967	2.26087542668	2.35245915247	2.46858701073	2.59990451802	2.75800700531	2.93777909776	3.17695685051	3.52035099796	3.98261512509	4.61320833228	5.47654158661	6.81242532493
4347.0	2M18085403-2528228	2.10249888916	2.08714813523	2.0845136202	2.12983752392	2.18511505967	2.26087542668	2.35245915247	2.46858701073	2.59990451802	2.75800700531	2.93777909776	3.17695685051	3.52035099796	3.98261512509	4.61320833228	5.47654158661	6.81242532493
4366.0	2M18085403-2528228	2.47704130138	2.5343860729	2.6067265503	2.78668083552	2.89589398385	3.02932825581	3.19967985756	3.43164645181	3.7214226063	4.09550036159	4.57833346008	5.22434785829	6.17236548942	7.682890677	10.3094576296	14.1686078144	19.5507667639
4107.0	2M18170483+0100206	15.3546056975	18.0410846368	20.3522722764	23.5131322403	25.0410737525	26.02725934	25.4371586938	25.3196522994	25.6802788697	26.542965465	26.5531745891	25.5313951244	25.5559175554	24.6181062766	22.6755409941	20.4491696602	18.2196071031
1.0	2M18271249+0011459	15.3546056975	18.0410846368	20.3522722764	23.5131322403	25.0410737525	26.02725934	25.4371586938	25.3196522994	25.6802788697	26.542965465	26.5531745891	25.5313951244	25.5559175554	24.6181062766	22.6755409941	20.4491696602	18.2196071031
1.0	2M18295411+2639262	15.3546056975	18.0410846368	20.3522722764	23.5131322403	25.0410737525	26.02725934	25.4371586938	25.3196522994	25.6802788697	26.542965465	26.5531745891	25.5313951244	25.5559175554	24.6181062766	22.6755409941	20.4491696602	18.2196071031
4470.0	2M18510092-0614564	33.7932490798	33.427465565	32.9614647416	31.2494774404	30.2880154904	29.2815115073	28.3038753543	27.2650774614	26.2736353686	25.1716365471	23.9676874984	22.7450758935	21.4287605725	20.0384971665	18.4248619612	16.4892292508	14.4784664945
1.0	2M19050982+4955232	33.7932490798	33.427465565	32.9614647416	31.2494774404	30.2880154904	29.2815115073	28.3038753543	27.2650774614	26.2736353686	25.1716365471	23.9676874984	22.7450758935	21.4287605725	20.0384971665	18.4248619612	16.4892292508	14.4784664945
4407.0	2M19074762+3855416	3.46515661746	3.37985256175	3.29986225319	3.15650608435	3.09679651078	3.06062627276	3.04961175764	3.05032376841	3.06748346245	3.1015649422	3.19115101673	3.29925512521	3.48008012734	3.75905684549	4.05294350032	4.32521513655	5.11213816488
4407.0	2M19094607+3747391	16.2208957537	16.0532594091	16.1324116551	16.0545620797	15.9966064469	16.333766143	17.676728795	18.6657390431	18.9175276078	19.8598272784	21.611677851	21.4968694351	21.6436940742	21.7529002018	21.7015843303	20.3450273311	19.0460409343
4251.0	2M19155697+2727210	5.94461266753	6.28091945038	6.67804992391	7.73502752191	8.4910393377	9.42829768158	10.556998361	11.9982886409	13.9005346299	16.4501475444	19.6589189425	23.5914604721	29.1098953142	36.8068737902	45.4601458792	56.4389634545	67.5490860381
4540.0	2M19184840+1936377	3.18205050921	3.33479697905	3.52058027079	4.00587066568	4.29887694034	4.57852323261	4.79974334577	5.00163135345	5.23213709859	5.53867018351	5.97426645537	6.59033630343	7.43531742082	8.86792468222	10.8065564494	13.8409530426	18.8388471684
4262.0	2M19190114+3726432	3.18205050921	3.33479697905	3.52058027079	4.00587066568	4.29887694034	4.57852323261	4.79974334577	5.00163135345	5.23213709859	5.53867018351	5.97426645537	6.59033630343	7.43531742082	8.86792468222	10.8065564494	13.8409530426	18.8388471684
4263.0	2M19405704+4010068	33.7464599863	33.4728705587	32.8827585545	31.5538073899	30.6767049135	29.7537937153	28.9332978834	27.854353891	27.0058765	25.8294122111	24.6143002767	23.4031695258	22.0232147896	20.4036898329	18.6410572179	16.7246948109	14.6779234578
4263.0	2M19405797+4008174	34.3870694619	33.8667206923	33.1040388331	31.7276437788	30.922579173	29.9540297942	29.046388677	28.1784091238	27.0657846916	25.809331545	24.552194705	23.1902546887	21.7621221612	20.3277925904	18.6912198055	16.7768544224	14.7285928617
4588.0	2M19410819+4015085	33.090017979	32.3283385299	31.5725938333	30.127632678	29.434875671	28.5112597471	27.7190601342	27.1717416472	26.041132614	25.3124738719	24.5542403716	23.2373702615	21.7842393566	20.3670733861	18.780846884	16.8159722022	14.8735826473
4263.0	2M19410994+4009056	27.9784623297	28.0232388247	27.4729830102	25.9967305265	25.2315648873	24.4385940133	23.9044704607	23.0025628563	22.5058602276	21.9604731019	21.3475915735	20.4708886915	19.1937359469	17.8180315995	16.3638920768	14.6571220087	13.3252544978
4263.0	2M19411631+4005508	31.896761595	31.9622786752	31.3436205524	29.6816708401	28.7912120535	28.3090846133	27.5591071191	26.5947069492	25.971869109	24.8785936546	23.7276553023	22.5087297435	21.3259371204	20.0502594126	18.3044682809	16.4138812928	14.3440414372
4263.0	2M19411776+4009158	33.8123914477	33.0293555565	32.2895598632	31.0093849076	30.1498321147	29.1892568516	28.2300975944	27.1541641736	26.1094456561	24.9429920138	23.7136056078	22.412003607	21.0928912652	19.7801114777	18.325810261	16.4206158162	14.5124189964
4263.0	2M19413031+4009005	30.137349577	29.496650179	28.7914601305	27.364277103	26.7285821817	26.0963483617	25.3056150042	24.4989991728	24.0989830631	23.0493575115	21.9381429786	20.7720403921	19.4663060922	18.0761602249	16.5127693004	15.0132148641	13.1329443081
4542.0	2M19422945+3119400	4.7196019344	4.89769060974	5.10021778924	5.60454154153	5.91969951496	6.28446423513	6.72273838166	7.24682769117	7.82672325133	8.52444665701	9.32190773817	10.3071908746	11.529973421	13.0937427689	15.1958557107	17.9085609407	21.9662199385
4261.0	2M19522176+1840186	4.7196019344	4.89769060974	5.10021778924	5.60454154153	5.91969951496	6.28446423513	6.72273838166	7.24682769117	7.82672325133	8.52444665701	9.32190773817	10.3071908746	11.529973421	13.0937427689	15.1958557107	17.9085609407	21.9662199385
4261.0	2M19522176+1840186	4.7196019344	4.89769060974	5.10021778924	5.60454154153	5.91969951496	6.28446423513	6.72273838166	7.24682769117	7.82672325133	8.52444665701	9.32190773817	10.3071908746	11.529973421	13.0937427689	15.1958557107	17.9085609407	21.9662199385
4544.0	2M20333964+4510320	7.73142764218	8.24197529369	8.82287961037	10.1813243825	11.054009271	12.1463891758	13.5270420877	15.3679614627	18.0164920079	21.7301761865	27.1644880558	34.6684444978	44.9733617887	58.9861753142	76.0653997317	95.6582744427	110.790004014
1.0	2M20382028-0106183	7.73142764218	8.24197529369	8.82287961037	10.1813243825	11.054009271	12.1463891758	13.5270420877	15.3679614627	18.0164920079	21.7301761865	27.1644880558	34.6684444978	44.9733617887	58.9861753142	76.0653997317	95.6582744427	110.790004014
4242.0	2M21072370+4716390	3.70058792438	3.93933999151	4.21123137596	4.90041524511	5.37521522721	5.96276362233	6.639577517	7.41591275698	8.30125325887	9.24962113054	10.1941633025	11.3759037978	12.7765523463	14.4874177228	16.3328771828	19.5651580692	25.0144002958
4303.0	2M21274028+6639295	52.3573652963	51.2040264464	50.4673104395	48.6167506824	48.3934565351	47.4455942171	54.3532935293	57.4005397241	55.0185845953	52.4719354365	50.1068856518	48.2217369158	45.9429905763	42.6477736418	39.3066416092	36.0250524922	31.2304786824
4249.0	2M21302584+4452299	14.1704331626	14.2327140253	14.3446342447	14.3843106256	14.4596735824	14.5083255983	14.8484709877	16.023359911	16.9457539362	17.236871608	17.8218317509	18.2550731013	18.1328336437	17.3259858765	16.4733521397	15.097859486	13.3160535988
4275.0	2M21510496+3932119	3.39635999747	3.61900845301	3.87637612524	4.52680544845	4.94608839287	5.44745138311	6.04100893385	6.75886630642	7.63820090692	8.71256692999	10.0576484232	11.7806336518	14.0362121324	17.0191488001	20.9684832146	26.396336081	34.6008068019
1.0	2M21551445+4425070	3.39635999747	3.61900845301	3.87637612524	4.52680544845	4.94608839287	5.44745138311	6.04100893385	6.75886630642	7.63820090692	8.71256692999	10.0576484232	11.7806336518	14.0362121324	17.0191488001	20.9684832146	26.396336081	34.6008068019
1.0	2M22113136+1805341	3.39635999747	3.61900845301	3.87637612524	4.52680544845	4.94608839287	5.44745138311	6.04100893385	6.75886630642	7.63820090692	8.71256692999	10.0576484232	11.7806336518	14.0362121324	17.0191488001	20.9684832146	26.396336081	34.6008068019
1.0	2M22280733+1214552	3.39635999747	3.61900845301	3.87637612524	4.52680544845	4.94608839287	5.44745138311	6.04100893385	6.75886630642	7.63820090692	8.71256692999	10.0576484232	11.7806336518	14.0362121324	17.0191488001	20.9684832146	26.396336081	34.6008068019
1.0	2M22300651+4921232	3.39635999747	3.61900845301	3.87637612524	4.52680544845	4.94608839287	5.44745138311	6.04100893385	6.75886630642	7.63820090692	8.71256692999	10.0576484232	11.7806336518	14.0362121324	17.0191488001	20.9684832146	26.396336081	34.6008068019
4421.0	2M22311577+6331215	14.8766531724	16.5405173657	18.0919897558	20.0057607814	19.9684935664	19.4316573384	18.7413085634	18.0488111797	17.5112241014	17.1991087007	17.2319768912	17.6885514241	18.9871299114	21.5722860393	26.9244149132	39.0225215088	65.5151400696
1.0	2M22311842-0254405	14.8766531724	16.5405173657	18.0919897558	20.0057607814	19.9684935664	19.4316573384	18.7413085634	18.0488111797	17.5112241014	17.1991087007	17.2319768912	17.6885514241	18.9871299114	21.5722860393	26.9244149132	39.0225215088	65.5151400696
4300.0	2M23071799+4604054	5.4518355038	5.78068034354	6.15205426412	7.01512537323	7.72521852376	8.55374948414	9.56762845429	10.7816989081	12.4433371864	14.9336108323	18.2219631582	22.5020063164	29.5030751316	40.0408922843	52.5198414023	53.5232636542	50.5749385833
1.0	2M23075384+7523147	5.4518355038	5.78068034354	6.15205426412	7.01512537323	7.72521852376	8.55374948414	9.56762845429	10.7816989081	12.4433371864	14.9336108323	18.2219631582	22.5020063164	29.5030751316	40.0408922843	52.5198414023	53.5232636542	50.5749385833
4317.0	2M23200066+6108594	30.4797220424	30.2337585556	30.3549935818	33.1889657963	36.0581442142	35.6430288936	34.577117462	34.5310447072	33.490105209	32.4342794291	34.0752325868	33.013356379	31.4973759626	29.3140989611	28.9271020071	34.5158463026	30.7789674102
